2026-06-19 09:24:22.941 Uvicorn server started on 0.0.0.0:8501
C:\Users\HP\AppData\Local\Programs\Python\Python313\Lib\site-packages\requests\__init__.py:113: RequestsDependencyWarning: urllib3 (2.6.3) or chardet (7.4.3)/charset_normalizer (3.4.4) doesn't match a supported version!
  warnings.warn(
C:\Users\HP\AppData\Local\Programs\Python\Python313\Lib\site-packages\lightgbm\basic.py:2137: UserWarning: categorical_feature keyword has been found in `params` and will be ignored.
Please use categorical_feature argument of the Dataset constructor to pass this parameter.
  _log_warning(
C:\Users\HP\AppData\Local\Programs\Python\Python313\Lib\site-packages\lightgbm\basic.py:2159: UserWarning: categorical_feature in param dict is overridden.
  _log_warning(f"{cat_alias} in param dict is overridden.")
C:\Users\HP\AppData\Local\Programs\Python\Python313\Lib\site-packages\lightgbm\basic.py:2137: UserWarning: categorical_feature keyword has been found in `params` and will be ignored.
Please use categorical_feature argument of the Dataset constructor to pass this parameter.
  _log_warning(
C:\Users\HP\AppData\Local\Programs\Python\Python313\Lib\site-packages\lightgbm\basic.py:2159: UserWarning: categorical_feature in param dict is overridden.
  _log_warning(f"{cat_alias} in param dict is overridden.")
C:\Users\HP\AppData\Local\Programs\Python\Python313\Lib\site-packages\lightgbm\basic.py:2137: UserWarning: categorical_feature keyword has been found in `params` and will be ignored.
Please use categorical_feature argument of the Dataset constructor to pass this parameter.
  _log_warning(
C:\Users\HP\AppData\Local\Programs\Python\Python313\Lib\site-packages\lightgbm\basic.py:2159: UserWarning: categorical_feature in param dict is overridden.
  _log_warning(f"{cat_alias} in param dict is overridden.")
C:\Users\HP\AppData\Local\Programs\Python\Python313\Lib\site-packages\lightgbm\basic.py:2137: UserWarning: categorical_feature keyword has been found in `params` and will be ignored.
Please use categorical_feature argument of the Dataset constructor to pass this parameter.
  _log_warning(
C:\Users\HP\AppData\Local\Programs\Python\Python313\Lib\site-packages\lightgbm\basic.py:2159: UserWarning: categorical_feature in param dict is overridden.
  _log_warning(f"{cat_alias} in param dict is overridden.")
C:\Users\HP\AppData\Local\Programs\Python\Python313\Lib\site-packages\lightgbm\basic.py:2137: UserWarning: categorical_feature keyword has been found in `params` and will be ignored.
Please use categorical_feature argument of the Dataset constructor to pass this parameter.
  _log_warning(
C:\Users\HP\AppData\Local\Programs\Python\Python313\Lib\site-packages\lightgbm\basic.py:2159: UserWarning: categorical_feature in param dict is overridden.
  _log_warning(f"{cat_alias} in param dict is overridden.")
C:\Users\HP\AppData\Local\Programs\Python\Python313\Lib\site-packages\lightgbm\basic.py:2137: UserWarning: categorical_feature keyword has been found in `params` and will be ignored.
Please use categorical_feature argument of the Dataset constructor to pass this parameter.
  _log_warning(
C:\Users\HP\AppData\Local\Programs\Python\Python313\Lib\site-packages\lightgbm\basic.py:2159: UserWarning: categorical_feature in param dict is overridden.
  _log_warning(f"{cat_alias} in param dict is overridden.")
C:\Users\HP\AppData\Local\Programs\Python\Python313\Lib\site-packages\sklearn\utils\validation.py:2691: UserWarning: X does not have valid feature names, but LGBMClassifier was fitted with feature names
  warnings.warn(
C:\Users\HP\AppData\Local\Programs\Python\Python313\Lib\site-packages\sklearn\utils\validation.py:2691: UserWarning: X does not have valid feature names, but LGBMRegressor was fitted with feature names
  warnings.warn(
2026-06-19 09:29:04.148 Please replace `use_container_width` with `width`.

`use_container_width` will be removed after 2025-12-31.

For `use_container_width=True`, use `width='stretch'`. For `use_container_width=False`, use `width='content'`.
Exception in callback _ProactorBasePipeTransport._call_connection_lost()
handle: <Handle _ProactorBasePipeTransport._call_connection_lost()>
Traceback (most recent call last):
  File "C:\Users\HP\AppData\Local\Programs\Python\Python313\Lib\asyncio\events.py", line 89, in _run
    self._context.run(self._callback, *self._args)
    ~~~~~~~~~~~~~~~~~^^^^^^^^^^^^^^^^^^^^^^^^^^^^^
  File "C:\Users\HP\AppData\Local\Programs\Python\Python313\Lib\asyncio\proactor_events.py", line 165, in _call_connection_lost
    self._sock.shutdown(socket.SHUT_RDWR)
    ~~~~~~~~~~~~~~~~~~~^^^^^^^^^^^^^^^^^^
ConnectionResetError: [WinError 10054] An existing connection was forcibly closed by the remote host
2026-06-19 09:34:33.670 Please replace `use_container_width` with `width`.

`use_container_width` will be removed after 2025-12-31.

For `use_container_width=True`, use `width='stretch'`. For `use_container_width=False`, use `width='content'`.
2026-06-19 09:39:33.867 Please replace `use_container_width` with `width`.

`use_container_width` will be removed after 2025-12-31.

For `use_container_width=True`, use `width='stretch'`. For `use_container_width=False`, use `width='content'`.
2026-06-19 09:40:58.832 Please replace `use_container_width` with `width`.

`use_container_width` will be removed after 2025-12-31.

For `use_container_width=True`, use `width='stretch'`. For `use_container_width=False`, use `width='content'`.
2026-06-19 12:06:29.184 Please replace `use_container_width` with `width`.

`use_container_width` will be removed after 2025-12-31.

For `use_container_width=True`, use `width='stretch'`. For `use_container_width=False`, use `width='content'`.
